2017-11-21 15:40:47,628 [Worker-1] INFO  c.g.t.t.d.PublishedGradleVersions - Gradle version information cache is up-to-date. Trying to read.
2017-11-21 16:00:37,454 [Worker-6] INFO  o.e.m.c.i.p.ProjectConfigurationManager - Collecting project info '/pom.xml' C:\Users\azalius\Documents\TpIb\KataParrot\pom.xml
2017-11-21 16:00:42,784 [Worker-6] INFO  o.e.m.c.i.l.LifecycleMappingFactory - Using org.eclipse.m2e.jdt.JarLifecycleMapping lifecycle mapping for MavenProject: unilim.fr:KataParrot:0.0.1-SNAPSHOT @ C:\Users\azalius\Documents\TpIb\KataParrot\pom.xml.
2017-11-21 16:00:44,694 [Worker-6] INFO  o.e.m.j.i.AbstractJavaProjectConfigurator - Adding source folder /KataParrot/src/main/java
2017-11-21 16:00:44,702 [Worker-6] INFO  o.e.m.j.i.AbstractJavaProjectConfigurator - Adding source folder /KataParrot/src/test/java
2017-11-21 16:00:47,317 [Worker-6] INFO  o.e.m.c.i.p.ProjectConfigurationManager - Imported and configured 1 project(s) in 9 sec
2017-11-21 16:00:49,650 [Worker-17] INFO  o.e.m.c.i.embedder.EclipseLogger - Using 'UTF-8' encoding to copy filtered resources.
2017-11-21 16:00:49,651 [Worker-17] INFO  o.e.m.c.i.embedder.EclipseLogger - skip non existing resourceDirectory C:\Users\azalius\Documents\TpIb\KataParrot\src\main\resources
2017-11-21 16:00:49,656 [Worker-17] INFO  o.e.m.c.i.embedder.EclipseLogger - Using 'UTF-8' encoding to copy filtered resources.
2017-11-21 16:00:49,656 [Worker-17] INFO  o.e.m.c.i.embedder.EclipseLogger - skip non existing resourceDirectory C:\Users\azalius\Documents\TpIb\KataParrot\src\test\resources
2017-11-21 16:05:40,832 [Worker-4] INFO  o.e.m.c.i.embedder.EclipseLogger - Using 'UTF-8' encoding to copy filtered resources.
2017-11-21 16:05:40,833 [Worker-4] INFO  o.e.m.c.i.embedder.EclipseLogger - skip non existing resourceDirectory C:\Users\azalius\Documents\TpIb\KataParrot\src\main\resources
2017-11-21 16:05:40,836 [Worker-4] INFO  o.e.m.c.i.embedder.EclipseLogger - Using 'UTF-8' encoding to copy filtered resources.
2017-11-21 16:05:40,837 [Worker-4] INFO  o.e.m.c.i.embedder.EclipseLogger - skip non existing resourceDirectory C:\Users\azalius\Documents\TpIb\KataParrot\src\test\resources
2017-11-21 16:06:05,582 [Worker-15] INFO  o.e.m.c.i.embedder.EclipseLogger - Using 'UTF-8' encoding to copy filtered resources.
2017-11-21 16:06:05,582 [Worker-15] INFO  o.e.m.c.i.embedder.EclipseLogger - skip non existing resourceDirectory C:\Users\azalius\Documents\TpIb\KataParrot\src\main\resources
2017-11-21 16:06:05,585 [Worker-15] INFO  o.e.m.c.i.embedder.EclipseLogger - Using 'UTF-8' encoding to copy filtered resources.
2017-11-21 16:06:05,586 [Worker-15] INFO  o.e.m.c.i.embedder.EclipseLogger - skip non existing resourceDirectory C:\Users\azalius\Documents\TpIb\KataParrot\src\test\resources
2017-11-21 16:06:36,718 [Worker-18] INFO  o.e.m.c.i.embedder.EclipseLogger - Using 'UTF-8' encoding to copy filtered resources.
2017-11-21 16:06:36,719 [Worker-18] INFO  o.e.m.c.i.embedder.EclipseLogger - skip non existing resourceDirectory C:\Users\azalius\Documents\TpIb\KataParrot\src\main\resources
2017-11-21 16:06:36,722 [Worker-18] INFO  o.e.m.c.i.embedder.EclipseLogger - Using 'UTF-8' encoding to copy filtered resources.
2017-11-21 16:06:36,825 [Worker-18] INFO  o.e.m.c.i.embedder.EclipseLogger - skip non existing resourceDirectory C:\Users\azalius\Documents\TpIb\KataParrot\src\test\resources
2017-11-21 16:07:48,889 [Worker-10] INFO  o.e.m.c.i.l.LifecycleMappingFactory - Using org.eclipse.m2e.jdt.JarLifecycleMapping lifecycle mapping for MavenProject: unilim.fr:KataParrot:0.0.1-SNAPSHOT @ C:\Users\azalius\Documents\TpIb\KataParrot\pom.xml.
2017-11-21 16:07:49,931 [Worker-10] INFO  o.e.m.c.i.embedder.EclipseLogger - Using 'UTF-8' encoding to copy filtered resources.
2017-11-21 16:07:49,931 [Worker-10] INFO  o.e.m.c.i.embedder.EclipseLogger - skip non existing resourceDirectory C:\Users\azalius\Documents\TpIb\KataParrot\src\main\resources
2017-11-21 16:07:49,936 [Worker-10] INFO  o.e.m.c.i.embedder.EclipseLogger - Using 'UTF-8' encoding to copy filtered resources.
2017-11-21 16:07:49,936 [Worker-10] INFO  o.e.m.c.i.embedder.EclipseLogger - skip non existing resourceDirectory C:\Users\azalius\Documents\TpIb\KataParrot\src\test\resources
2017-11-21 16:07:51,766 [Worker-10] INFO  o.e.m.c.i.embedder.EclipseLogger - Using 'UTF-8' encoding to copy filtered resources.
2017-11-21 16:07:51,767 [Worker-10] INFO  o.e.m.c.i.embedder.EclipseLogger - skip non existing resourceDirectory C:\Users\azalius\Documents\TpIb\KataParrot\src\main\resources
2017-11-21 16:07:51,770 [Worker-10] INFO  o.e.m.c.i.embedder.EclipseLogger - Using 'UTF-8' encoding to copy filtered resources.
2017-11-21 16:07:51,771 [Worker-10] INFO  o.e.m.c.i.embedder.EclipseLogger - skip non existing resourceDirectory C:\Users\azalius\Documents\TpIb\KataParrot\src\test\resources
2017-11-21 16:08:25,736 [Worker-10] INFO  o.e.m.c.i.p.ProjectConfigurationManager - Update started
2017-11-21 16:08:26,421 [Worker-10] INFO  o.e.m.c.i.l.LifecycleMappingFactory - Using org.eclipse.m2e.jdt.JarLifecycleMapping lifecycle mapping for MavenProject: unilim.fr:KataParrot:0.0.1-SNAPSHOT @ C:\Users\azalius\Documents\TpIb\KataParrot\pom.xml.
2017-11-21 16:08:26,729 [Worker-10] INFO  o.e.m.j.i.AbstractJavaProjectConfigurator - Adding source folder /KataParrot/src/main/java
2017-11-21 16:08:26,731 [Worker-10] INFO  o.e.m.j.i.AbstractJavaProjectConfigurator - Adding source folder /KataParrot/src/test/java
2017-11-21 16:08:26,998 [Worker-10] INFO  o.e.m.c.i.p.ProjectConfigurationManager - Update completed: 1 sec
2017-11-21 16:08:28,109 [Worker-10] INFO  o.e.m.c.i.embedder.EclipseLogger - Using 'UTF-8' encoding to copy filtered resources.
2017-11-21 16:08:28,110 [Worker-10] INFO  o.e.m.c.i.embedder.EclipseLogger - skip non existing resourceDirectory C:\Users\azalius\Documents\TpIb\KataParrot\src\main\resources
2017-11-21 16:08:28,114 [Worker-10] INFO  o.e.m.c.i.embedder.EclipseLogger - Using 'UTF-8' encoding to copy filtered resources.
2017-11-21 16:08:28,115 [Worker-10] INFO  o.e.m.c.i.embedder.EclipseLogger - skip non existing resourceDirectory C:\Users\azalius\Documents\TpIb\KataParrot\src\test\resources
2017-11-21 16:08:38,366 [Worker-6] INFO  o.e.m.c.i.embedder.EclipseLogger - Using 'UTF-8' encoding to copy filtered resources.
2017-11-21 16:08:38,368 [Worker-6] INFO  o.e.m.c.i.embedder.EclipseLogger - skip non existing resourceDirectory C:\Users\azalius\Documents\TpIb\KataParrot\src\main\resources
2017-11-21 16:08:38,372 [Worker-6] INFO  o.e.m.c.i.embedder.EclipseLogger - Using 'UTF-8' encoding to copy filtered resources.
2017-11-21 16:08:38,374 [Worker-6] INFO  o.e.m.c.i.embedder.EclipseLogger - skip non existing resourceDirectory C:\Users\azalius\Documents\TpIb\KataParrot\src\test\resources
2017-11-21 16:08:59,035 [Worker-4] INFO  o.e.m.c.i.embedder.EclipseLogger - Using 'UTF-8' encoding to copy filtered resources.
2017-11-21 16:08:59,036 [Worker-4] INFO  o.e.m.c.i.embedder.EclipseLogger - skip non existing resourceDirectory C:\Users\azalius\Documents\TpIb\KataParrot\src\main\resources
2017-11-21 16:08:59,040 [Worker-4] INFO  o.e.m.c.i.embedder.EclipseLogger - Using 'UTF-8' encoding to copy filtered resources.
2017-11-21 16:08:59,041 [Worker-4] INFO  o.e.m.c.i.embedder.EclipseLogger - skip non existing resourceDirectory C:\Users\azalius\Documents\TpIb\KataParrot\src\test\resources
2017-11-21 16:09:09,755 [Worker-16] INFO  o.e.m.c.i.embedder.EclipseLogger - Using 'UTF-8' encoding to copy filtered resources.
2017-11-21 16:09:09,756 [Worker-16] INFO  o.e.m.c.i.embedder.EclipseLogger - skip non existing resourceDirectory C:\Users\azalius\Documents\TpIb\KataParrot\src\main\resources
2017-11-21 16:09:09,758 [Worker-16] INFO  o.e.m.c.i.embedder.EclipseLogger - Using 'UTF-8' encoding to copy filtered resources.
2017-11-21 16:09:09,759 [Worker-16] INFO  o.e.m.c.i.embedder.EclipseLogger - skip non existing resourceDirectory C:\Users\azalius\Documents\TpIb\KataParrot\src\test\resources
2017-11-21 16:10:19,853 [Worker-10] INFO  o.e.m.c.i.embedder.EclipseLogger - Using 'UTF-8' encoding to copy filtered resources.
2017-11-21 16:10:19,863 [Worker-10] INFO  o.e.m.c.i.embedder.EclipseLogger - skip non existing resourceDirectory C:\Users\azalius\Documents\TpIb\KataParrot\src\main\resources
2017-11-21 16:10:19,886 [Worker-10] INFO  o.e.m.c.i.embedder.EclipseLogger - Using 'UTF-8' encoding to copy filtered resources.
2017-11-21 16:10:19,887 [Worker-10] INFO  o.e.m.c.i.embedder.EclipseLogger - skip non existing resourceDirectory C:\Users\azalius\Documents\TpIb\KataParrot\src\test\resources
2017-11-21 16:10:32,576 [Worker-19] INFO  o.e.m.c.i.embedder.EclipseLogger - Using 'UTF-8' encoding to copy filtered resources.
2017-11-21 16:10:32,577 [Worker-19] INFO  o.e.m.c.i.embedder.EclipseLogger - skip non existing resourceDirectory C:\Users\azalius\Documents\TpIb\KataParrot\src\main\resources
2017-11-21 16:10:32,581 [Worker-19] INFO  o.e.m.c.i.embedder.EclipseLogger - Using 'UTF-8' encoding to copy filtered resources.
2017-11-21 16:10:32,581 [Worker-19] INFO  o.e.m.c.i.embedder.EclipseLogger - skip non existing resourceDirectory C:\Users\azalius\Documents\TpIb\KataParrot\src\test\resources
2017-11-21 16:10:39,672 [Worker-16] INFO  o.e.m.c.i.embedder.EclipseLogger - Using 'UTF-8' encoding to copy filtered resources.
2017-11-21 16:10:39,673 [Worker-16] INFO  o.e.m.c.i.embedder.EclipseLogger - skip non existing resourceDirectory C:\Users\azalius\Documents\TpIb\KataParrot\src\main\resources
2017-11-21 16:10:39,675 [Worker-16] INFO  o.e.m.c.i.embedder.EclipseLogger - Using 'UTF-8' encoding to copy filtered resources.
2017-11-21 16:10:39,676 [Worker-16] INFO  o.e.m.c.i.embedder.EclipseLogger - skip non existing resourceDirectory C:\Users\azalius\Documents\TpIb\KataParrot\src\test\resources
2017-11-21 16:11:36,262 [Worker-10] INFO  o.e.m.c.i.p.ProjectConfigurationManager - Update started
2017-11-21 16:11:37,076 [Worker-10] INFO  o.e.m.c.i.l.LifecycleMappingFactory - Using org.eclipse.m2e.jdt.JarLifecycleMapping lifecycle mapping for MavenProject: unilim.fr:KataParrot:0.0.1-SNAPSHOT @ C:\Users\azalius\Documents\TpIb\KataParrot\pom.xml.
2017-11-21 16:11:37,440 [Worker-10] INFO  o.e.m.j.i.AbstractJavaProjectConfigurator - Adding source folder /KataParrot/src/main/java
2017-11-21 16:11:37,442 [Worker-10] INFO  o.e.m.j.i.AbstractJavaProjectConfigurator - Adding source folder /KataParrot/src/test/java
2017-11-21 16:11:37,662 [Worker-10] INFO  o.e.m.c.i.p.ProjectConfigurationManager - Update completed: 1 sec
2017-11-21 16:11:38,262 [Worker-10] INFO  o.e.m.c.i.embedder.EclipseLogger - Using 'UTF-8' encoding to copy filtered resources.
2017-11-21 16:11:38,263 [Worker-10] INFO  o.e.m.c.i.embedder.EclipseLogger - skip non existing resourceDirectory C:\Users\azalius\Documents\TpIb\KataParrot\src\main\resources
2017-11-21 16:11:38,273 [Worker-10] INFO  o.e.m.c.i.embedder.EclipseLogger - Using 'UTF-8' encoding to copy filtered resources.
2017-11-21 16:11:38,274 [Worker-10] INFO  o.e.m.c.i.embedder.EclipseLogger - skip non existing resourceDirectory C:\Users\azalius\Documents\TpIb\KataParrot\src\test\resources
2017-11-21 16:12:27,557 [Worker-4] INFO  o.e.m.c.i.embedder.EclipseLogger - Using 'UTF-8' encoding to copy filtered resources.
2017-11-21 16:12:27,557 [Worker-4] INFO  o.e.m.c.i.embedder.EclipseLogger - skip non existing resourceDirectory C:\Users\azalius\Documents\TpIb\KataParrot\src\main\resources
2017-11-21 16:12:27,559 [Worker-4] INFO  o.e.m.c.i.embedder.EclipseLogger - Using 'UTF-8' encoding to copy filtered resources.
2017-11-21 16:12:27,560 [Worker-4] INFO  o.e.m.c.i.embedder.EclipseLogger - skip non existing resourceDirectory C:\Users\azalius\Documents\TpIb\KataParrot\src\test\resources
2017-11-21 16:12:49,023 [Worker-4] INFO  o.e.m.c.i.embedder.EclipseLogger - Using 'UTF-8' encoding to copy filtered resources.
2017-11-21 16:12:49,023 [Worker-4] INFO  o.e.m.c.i.embedder.EclipseLogger - skip non existing resourceDirectory C:\Users\azalius\Documents\TpIb\KataParrot\src\main\resources
2017-11-21 16:12:49,030 [Worker-4] INFO  o.e.m.c.i.embedder.EclipseLogger - Using 'UTF-8' encoding to copy filtered resources.
2017-11-21 16:12:49,032 [Worker-4] INFO  o.e.m.c.i.embedder.EclipseLogger - skip non existing resourceDirectory C:\Users\azalius\Documents\TpIb\KataParrot\src\test\resources
2017-11-21 16:13:21,474 [Worker-19] INFO  o.e.m.c.i.embedder.EclipseLogger - Using 'UTF-8' encoding to copy filtered resources.
2017-11-21 16:13:21,474 [Worker-19] INFO  o.e.m.c.i.embedder.EclipseLogger - skip non existing resourceDirectory C:\Users\azalius\Documents\TpIb\KataParrot\src\main\resources
2017-11-21 16:13:21,482 [Worker-19] INFO  o.e.m.c.i.embedder.EclipseLogger - Using 'UTF-8' encoding to copy filtered resources.
2017-11-21 16:13:21,482 [Worker-19] INFO  o.e.m.c.i.embedder.EclipseLogger - skip non existing resourceDirectory C:\Users\azalius\Documents\TpIb\KataParrot\src\test\resources
2017-11-21 16:15:35,652 [Worker-15] INFO  o.e.m.c.i.embedder.EclipseLogger - Using 'UTF-8' encoding to copy filtered resources.
2017-11-21 16:15:35,652 [Worker-15] INFO  o.e.m.c.i.embedder.EclipseLogger - skip non existing resourceDirectory C:\Users\azalius\Documents\TpIb\KataParrot\src\main\resources
2017-11-21 16:15:35,655 [Worker-15] INFO  o.e.m.c.i.embedder.EclipseLogger - Using 'UTF-8' encoding to copy filtered resources.
2017-11-21 16:15:35,655 [Worker-15] INFO  o.e.m.c.i.embedder.EclipseLogger - skip non existing resourceDirectory C:\Users\azalius\Documents\TpIb\KataParrot\src\test\resources
2017-11-21 16:16:05,155 [Worker-21] INFO  o.e.m.c.i.embedder.EclipseLogger - Using 'UTF-8' encoding to copy filtered resources.
2017-11-21 16:16:05,156 [Worker-21] INFO  o.e.m.c.i.embedder.EclipseLogger - skip non existing resourceDirectory C:\Users\azalius\Documents\TpIb\KataParrot\src\main\resources
2017-11-21 16:16:05,158 [Worker-21] INFO  o.e.m.c.i.embedder.EclipseLogger - Using 'UTF-8' encoding to copy filtered resources.
2017-11-21 16:16:05,159 [Worker-21] INFO  o.e.m.c.i.embedder.EclipseLogger - skip non existing resourceDirectory C:\Users\azalius\Documents\TpIb\KataParrot\src\test\resources
2017-11-21 16:18:22,903 [Worker-20] INFO  o.e.m.c.i.embedder.EclipseLogger - Using 'UTF-8' encoding to copy filtered resources.
2017-11-21 16:18:22,904 [Worker-20] INFO  o.e.m.c.i.embedder.EclipseLogger - skip non existing resourceDirectory C:\Users\azalius\Documents\TpIb\KataParrot\src\main\resources
2017-11-21 16:18:22,907 [Worker-20] INFO  o.e.m.c.i.embedder.EclipseLogger - Using 'UTF-8' encoding to copy filtered resources.
2017-11-21 16:18:22,908 [Worker-20] INFO  o.e.m.c.i.embedder.EclipseLogger - skip non existing resourceDirectory C:\Users\azalius\Documents\TpIb\KataParrot\src\test\resources
2017-11-21 16:20:02,667 [Worker-6] INFO  o.e.m.c.i.embedder.EclipseLogger - Using 'UTF-8' encoding to copy filtered resources.
2017-11-21 16:20:02,668 [Worker-6] INFO  o.e.m.c.i.embedder.EclipseLogger - skip non existing resourceDirectory C:\Users\azalius\Documents\TpIb\KataParrot\src\main\resources
2017-11-21 16:20:02,677 [Worker-6] INFO  o.e.m.c.i.embedder.EclipseLogger - Using 'UTF-8' encoding to copy filtered resources.
2017-11-21 16:20:02,677 [Worker-6] INFO  o.e.m.c.i.embedder.EclipseLogger - skip non existing resourceDirectory C:\Users\azalius\Documents\TpIb\KataParrot\src\test\resources
2017-11-21 16:20:19,008 [Worker-20] INFO  o.e.m.c.i.embedder.EclipseLogger - Using 'UTF-8' encoding to copy filtered resources.
2017-11-21 16:20:19,009 [Worker-20] INFO  o.e.m.c.i.embedder.EclipseLogger - skip non existing resourceDirectory C:\Users\azalius\Documents\TpIb\KataParrot\src\main\resources
2017-11-21 16:20:19,011 [Worker-20] INFO  o.e.m.c.i.embedder.EclipseLogger - Using 'UTF-8' encoding to copy filtered resources.
2017-11-21 16:20:19,012 [Worker-20] INFO  o.e.m.c.i.embedder.EclipseLogger - skip non existing resourceDirectory C:\Users\azalius\Documents\TpIb\KataParrot\src\test\resources
2017-11-21 16:20:43,530 [Worker-19] INFO  o.e.m.c.i.embedder.EclipseLogger - Using 'UTF-8' encoding to copy filtered resources.
2017-11-21 16:20:43,531 [Worker-19] INFO  o.e.m.c.i.embedder.EclipseLogger - skip non existing resourceDirectory C:\Users\azalius\Documents\TpIb\KataParrot\src\main\resources
2017-11-21 16:20:43,533 [Worker-19] INFO  o.e.m.c.i.embedder.EclipseLogger - Using 'UTF-8' encoding to copy filtered resources.
2017-11-21 16:20:43,534 [Worker-19] INFO  o.e.m.c.i.embedder.EclipseLogger - skip non existing resourceDirectory C:\Users\azalius\Documents\TpIb\KataParrot\src\test\resources
2017-11-21 16:25:48,762 [Worker-20] INFO  o.e.m.c.i.embedder.EclipseLogger - Using 'UTF-8' encoding to copy filtered resources.
2017-11-21 16:25:48,763 [Worker-20] INFO  o.e.m.c.i.embedder.EclipseLogger - skip non existing resourceDirectory C:\Users\azalius\Documents\TpIb\KataParrot\src\main\resources
2017-11-21 16:25:48,767 [Worker-20] INFO  o.e.m.c.i.embedder.EclipseLogger - Using 'UTF-8' encoding to copy filtered resources.
2017-11-21 16:25:48,768 [Worker-20] INFO  o.e.m.c.i.embedder.EclipseLogger - skip non existing resourceDirectory C:\Users\azalius\Documents\TpIb\KataParrot\src\test\resources
2017-11-21 16:26:37,861 [Worker-10] INFO  o.e.m.c.i.embedder.EclipseLogger - Using 'UTF-8' encoding to copy filtered resources.
2017-11-21 16:26:37,861 [Worker-10] INFO  o.e.m.c.i.embedder.EclipseLogger - skip non existing resourceDirectory C:\Users\azalius\Documents\TpIb\KataParrot\src\main\resources
2017-11-21 16:26:37,863 [Worker-10] INFO  o.e.m.c.i.embedder.EclipseLogger - Using 'UTF-8' encoding to copy filtered resources.
2017-11-21 16:26:37,864 [Worker-10] INFO  o.e.m.c.i.embedder.EclipseLogger - skip non existing resourceDirectory C:\Users\azalius\Documents\TpIb\KataParrot\src\test\resources
2017-11-21 16:28:42,496 [Worker-10] INFO  o.e.m.c.i.embedder.EclipseLogger - Using 'UTF-8' encoding to copy filtered resources.
2017-11-21 16:28:42,497 [Worker-10] INFO  o.e.m.c.i.embedder.EclipseLogger - skip non existing resourceDirectory C:\Users\azalius\Documents\TpIb\KataParrot\src\main\resources
2017-11-21 16:28:42,504 [Worker-10] INFO  o.e.m.c.i.embedder.EclipseLogger - Using 'UTF-8' encoding to copy filtered resources.
2017-11-21 16:28:42,510 [Worker-10] INFO  o.e.m.c.i.embedder.EclipseLogger - skip non existing resourceDirectory C:\Users\azalius\Documents\TpIb\KataParrot\src\test\resources
2017-11-21 16:30:14,452 [Worker-25] INFO  o.e.m.c.i.embedder.EclipseLogger - Using 'UTF-8' encoding to copy filtered resources.
2017-11-21 16:30:14,452 [Worker-25] INFO  o.e.m.c.i.embedder.EclipseLogger - skip non existing resourceDirectory C:\Users\azalius\Documents\TpIb\KataParrot\src\main\resources
2017-11-21 16:30:14,460 [Worker-25] INFO  o.e.m.c.i.embedder.EclipseLogger - Using 'UTF-8' encoding to copy filtered resources.
2017-11-21 16:30:14,460 [Worker-25] INFO  o.e.m.c.i.embedder.EclipseLogger - skip non existing resourceDirectory C:\Users\azalius\Documents\TpIb\KataParrot\src\test\resources
2017-11-21 16:51:57,558 [Worker-22] INFO  o.e.m.c.i.embedder.EclipseLogger - Using 'UTF-8' encoding to copy filtered resources.
2017-11-21 16:51:57,559 [Worker-22] INFO  o.e.m.c.i.embedder.EclipseLogger - skip non existing resourceDirectory C:\Users\azalius\Documents\TpIb\KataParrot\src\main\resources
2017-11-21 16:51:57,562 [Worker-22] INFO  o.e.m.c.i.embedder.EclipseLogger - Using 'UTF-8' encoding to copy filtered resources.
2017-11-21 16:51:57,562 [Worker-22] INFO  o.e.m.c.i.embedder.EclipseLogger - skip non existing resourceDirectory C:\Users\azalius\Documents\TpIb\KataParrot\src\test\resources
2017-11-21 16:52:01,594 [Worker-22] INFO  o.e.m.c.i.embedder.EclipseLogger - Using 'UTF-8' encoding to copy filtered resources.
2017-11-21 16:52:01,594 [Worker-22] INFO  o.e.m.c.i.embedder.EclipseLogger - skip non existing resourceDirectory C:\Users\azalius\Documents\TpIb\KataParrot\src\main\resources
2017-11-21 16:52:01,599 [Worker-22] INFO  o.e.m.c.i.embedder.EclipseLogger - Using 'UTF-8' encoding to copy filtered resources.
2017-11-21 16:52:01,599 [Worker-22] INFO  o.e.m.c.i.embedder.EclipseLogger - skip non existing resourceDirectory C:\Users\azalius\Documents\TpIb\KataParrot\src\test\resources
2017-11-21 16:52:02,976 [Worker-26] INFO  o.e.m.c.i.embedder.EclipseLogger - Using 'UTF-8' encoding to copy filtered resources.
2017-11-21 16:52:02,977 [Worker-26] INFO  o.e.m.c.i.embedder.EclipseLogger - skip non existing resourceDirectory C:\Users\azalius\Documents\TpIb\KataParrot\src\main\resources
2017-11-21 16:52:03,046 [Worker-26] INFO  o.e.m.c.i.embedder.EclipseLogger - Using 'UTF-8' encoding to copy filtered resources.
2017-11-21 16:52:03,046 [Worker-26] INFO  o.e.m.c.i.embedder.EclipseLogger - skip non existing resourceDirectory C:\Users\azalius\Documents\TpIb\KataParrot\src\test\resources
2017-11-21 16:52:04,223 [Worker-27] INFO  o.e.m.c.i.embedder.EclipseLogger - Using 'UTF-8' encoding to copy filtered resources.
2017-11-21 16:52:04,223 [Worker-27] INFO  o.e.m.c.i.embedder.EclipseLogger - skip non existing resourceDirectory C:\Users\azalius\Documents\TpIb\KataParrot\src\main\resources
2017-11-21 16:52:04,226 [Worker-27] INFO  o.e.m.c.i.embedder.EclipseLogger - Using 'UTF-8' encoding to copy filtered resources.
2017-11-21 16:52:04,226 [Worker-27] INFO  o.e.m.c.i.embedder.EclipseLogger - skip non existing resourceDirectory C:\Users\azalius\Documents\TpIb\KataParrot\src\test\resources
2017-11-21 16:53:10,213 [Worker-22] INFO  o.e.m.c.i.embedder.EclipseLogger - Using 'UTF-8' encoding to copy filtered resources.
2017-11-21 16:53:10,214 [Worker-22] INFO  o.e.m.c.i.embedder.EclipseLogger - skip non existing resourceDirectory C:\Users\azalius\Documents\TpIb\KataParrot\src\main\resources
2017-11-21 16:53:10,217 [Worker-22] INFO  o.e.m.c.i.embedder.EclipseLogger - Using 'UTF-8' encoding to copy filtered resources.
2017-11-21 16:53:10,219 [Worker-22] INFO  o.e.m.c.i.embedder.EclipseLogger - skip non existing resourceDirectory C:\Users\azalius\Documents\TpIb\KataParrot\src\test\resources
2017-11-21 16:53:19,127 [Worker-22] INFO  o.e.m.c.i.embedder.EclipseLogger - Using 'UTF-8' encoding to copy filtered resources.
2017-11-21 16:53:19,128 [Worker-22] INFO  o.e.m.c.i.embedder.EclipseLogger - skip non existing resourceDirectory C:\Users\azalius\Documents\TpIb\KataParrot\src\main\resources
2017-11-21 16:53:19,130 [Worker-22] INFO  o.e.m.c.i.embedder.EclipseLogger - Using 'UTF-8' encoding to copy filtered resources.
